  Application.cpp
  Application3.cpp
C:\Users\avira\OneDrive\Documents\GitHub\Avirals-Graphics-Library\HW3\Application3.cpp(76,1): warning C4305: 'initializing': truncation from 'double' to 'float'
C:\Users\avira\OneDrive\Documents\GitHub\Avirals-Graphics-Library\HW3\Application3.cpp(84,1): warning C4305: 'initializing': truncation from 'double' to 'float'
C:\Users\avira\OneDrive\Documents\GitHub\Avirals-Graphics-Library\HW3\Application3.cpp(93,27): warning C4305: '=': truncation from 'double' to 'float'
C:\Users\avira\OneDrive\Documents\GitHub\Avirals-Graphics-Library\HW3\Application3.cpp(94,29): warning C4305: '=': truncation from 'double' to 'float'
C:\Users\avira\OneDrive\Documents\GitHub\Avirals-Graphics-Library\HW3\Application3.cpp(95,30): warning C4305: '=': truncation from 'double' to 'float'
C:\Users\avira\OneDrive\Documents\GitHub\Avirals-Graphics-Library\HW3\Application3.cpp(97,26): warning C4305: '=': truncation from 'double' to 'float'
C:\Users\avira\OneDrive\Documents\GitHub\Avirals-Graphics-Library\HW3\Application3.cpp(98,26): warning C4305: '=': truncation from 'double' to 'float'
C:\Users\avira\OneDrive\Documents\GitHub\Avirals-Graphics-Library\HW3\Application3.cpp(101,28): warning C4305: '=': truncation from 'double' to 'float'
C:\Users\avira\OneDrive\Documents\GitHub\Avirals-Graphics-Library\HW3\Application3.cpp(105,19): warning C4305: '=': truncation from 'double' to 'float'
C:\Users\avira\OneDrive\Documents\GitHub\Avirals-Graphics-Library\HW3\Application3.cpp(44,7): warning C4101: 'xRes': unreferenced local variable
C:\Users\avira\OneDrive\Documents\GitHub\Avirals-Graphics-Library\HW3\Application3.cpp(43,10): warning C4101: 'j': unreferenced local variable
C:\Users\avira\OneDrive\Documents\GitHub\Avirals-Graphics-Library\HW3\Application3.cpp(43,7): warning C4101: 'i': unreferenced local variable
C:\Users\avira\OneDrive\Documents\GitHub\Avirals-Graphics-Library\HW3\Application3.cpp(44,13): warning C4101: 'yRes': unreferenced local variable
C:\Users\avira\OneDrive\Documents\GitHub\Avirals-Graphics-Library\HW3\Application3.cpp(150,17): warning C4996: 'fopen': This function or variable may be unsafe. Consider using fopen_s instead. To disable deprecation, use _CRT_SECURE_NO_WARNINGS. See online help for details.
C:\Users\avira\OneDrive\Documents\GitHub\Avirals-Graphics-Library\HW3\Application3.cpp(157,18): warning C4996: 'fopen': This function or variable may be unsafe. Consider using fopen_s instead. To disable deprecation, use _CRT_SECURE_NO_WARNINGS. See online help for details.
C:\Users\avira\OneDrive\Documents\GitHub\Avirals-Graphics-Library\HW3\Application3.cpp(171,9): warning C4996: 'fscanf': This function or variable may be unsafe. Consider using fscanf_s instead. To disable deprecation, use _CRT_SECURE_NO_WARNINGS. See online help for details.
C:\Users\avira\OneDrive\Documents\GitHub\Avirals-Graphics-Library\HW3\Application3.cpp(172,6): warning C4996: 'fscanf': This function or variable may be unsafe. Consider using fscanf_s instead. To disable deprecation, use _CRT_SECURE_NO_WARNINGS. See online help for details.
C:\Users\avira\OneDrive\Documents\GitHub\Avirals-Graphics-Library\HW3\Application3.cpp(178,6): warning C4996: 'fscanf': This function or variable may be unsafe. Consider using fscanf_s instead. To disable deprecation, use _CRT_SECURE_NO_WARNINGS. See online help for details.
C:\Users\avira\OneDrive\Documents\GitHub\Avirals-Graphics-Library\HW3\Application3.cpp(184,6): warning C4996: 'fscanf': This function or variable may be unsafe. Consider using fscanf_s instead. To disable deprecation, use _CRT_SECURE_NO_WARNINGS. See online help for details.
C:\Users\avira\OneDrive\Documents\GitHub\Avirals-Graphics-Library\HW3\Application3.cpp(137,8): warning C4101: 'xRes': unreferenced local variable
C:\Users\avira\OneDrive\Documents\GitHub\Avirals-Graphics-Library\HW3\Application3.cpp(125,11): warning C4101: 'camera': unreferenced local variable
C:\Users\avira\OneDrive\Documents\GitHub\Avirals-Graphics-Library\HW3\Application3.cpp(136,11): warning C4101: 'j': unreferenced local variable
C:\Users\avira\OneDrive\Documents\GitHub\Avirals-Graphics-Library\HW3\Application3.cpp(137,14): warning C4101: 'yRes': unreferenced local variable
  CS580HW.cpp
C:\Users\avira\OneDrive\Documents\GitHub\Avirals-Graphics-Library\HW3\CS580HW.cpp(58,2): warning C4996: 'CWinApp::Enable3dControls': CWinApp::Enable3dControls is no longer needed. You should remove this call.
  CS580HWView.cpp
  rend.cpp
C:\Users\avira\OneDrive\Documents\GitHub\Avirals-Graphics-Library\HW3\rend.cpp(468,33): warning C4244: '=': conversion from 'GzIntensity' to 'char', possible loss of data
C:\Users\avira\OneDrive\Documents\GitHub\Avirals-Graphics-Library\HW3\rend.cpp(469,37): warning C4244: '=': conversion from 'GzIntensity' to 'char', possible loss of data
C:\Users\avira\OneDrive\Documents\GitHub\Avirals-Graphics-Library\HW3\rend.cpp(470,37): warning C4244: '=': conversion from 'GzIntensity' to 'char', possible loss of data
C:\Users\avira\OneDrive\Documents\GitHub\Avirals-Graphics-Library\HW3\rend.cpp(546,14): warning C4244: 'initializing': conversion from 'double' to 'float', possible loss of data
C:\Users\avira\OneDrive\Documents\GitHub\Avirals-Graphics-Library\HW3\rend.cpp(547,14): warning C4244: 'initializing': conversion from 'double' to 'float', possible loss of data
C:\Users\avira\OneDrive\Documents\GitHub\Avirals-Graphics-Library\HW3\rend.cpp(548,14): warning C4244: 'initializing': conversion from 'double' to 'float', possible loss of data
C:\Users\avira\OneDrive\Documents\GitHub\Avirals-Graphics-Library\HW3\rend.cpp(549,14): warning C4244: 'initializing': conversion from 'double' to 'float', possible loss of data
C:\Users\avira\OneDrive\Documents\GitHub\Avirals-Graphics-Library\HW3\rend.cpp(564,14): warning C4244: 'initializing': conversion from 'float' to 'int', possible loss of data
C:\Users\avira\OneDrive\Documents\GitHub\Avirals-Graphics-Library\HW3\rend.cpp(565,15): warning C4244: 'initializing': conversion from 'float' to 'int', possible loss of data
C:\Users\avira\OneDrive\Documents\GitHub\Avirals-Graphics-Library\HW3\rend.cpp(576,87): warning C4244: 'argument': conversion from 'int' to 'float', possible loss of data
C:\Users\avira\OneDrive\Documents\GitHub\Avirals-Graphics-Library\HW3\rend.cpp(576,84): warning C4244: 'argument': conversion from 'int' to 'float', possible loss of data
C:\Users\avira\OneDrive\Documents\GitHub\Avirals-Graphics-Library\HW3\rend.cpp(576,70): warning C4244: 'argument': conversion from 'double' to 'GzDepth', possible loss of data
  Generating Code...
  CS580HW3.vcxproj -> C:\Users\avira\OneDrive\Documents\GitHub\Avirals-Graphics-Library\HW3\Release\CS580HW3.exe
